<?xml version="1.0" encoding="UTF-8"?>
<testng-results ignored="0" total="2" passed="2" failed="0" skipped="0">
  <reporter-output>
  </reporter-output>
  <suite started-at="2022-10-11T15:28:43 IST" name="Default suite" finished-at="2022-10-11T15:30:44 IST" duration-ms="120913">
    <groups>
      <group name="Chrome">
        <method signature="SearchOnFlipkart.chromeTest()[pri:0, instance:searchProduct.SearchOnFlipkart@f736069]" name="chromeTest" class="searchProduct.SearchOnFlipkart"/>
      </group> <!-- Chrome -->
      <group name="Firefox">
        <method signature="SearchOnFlipkart.firefoxTest()[pri:0, instance:searchProduct.SearchOnFlipkart@f736069]" name="firefoxTest" class="searchProduct.SearchOnFlipkart"/>
      </group> <!-- Firefox -->
    </groups>
    <test started-at="2022-10-11T15:28:43 IST" name="Default test" finished-at="2022-10-11T15:30:44 IST" duration-ms="120913">
      <class name="searchProduct.SearchOnFlipkart">
        <test-method is-config="true" signature="beforeTest()[pri:0, instance:searchProduct.SearchOnFlipkart@f736069]" started-at="2022-10-11T15:28:43 IST" name="beforeTest" finished-at="2022-10-11T15:28:44 IST" duration-ms="15" status="PASS">
          <reporter-output>
          </reporter-output>
        </test-method> <!-- beforeTest -->
        <test-method signature="chromeTest()[pri:0, instance:searchProduct.SearchOnFlipkart@f736069]" started-at="2022-10-11T15:28:44 IST" name="chromeTest" finished-at="2022-10-11T15:29:26 IST" duration-ms="42530" status="PASS">
          <reporter-output>
          </reporter-output>
        </test-method> <!-- chromeTest -->
        <test-method signature="firefoxTest()[pri:0, instance:searchProduct.SearchOnFlipkart@f736069]" started-at="2022-10-11T15:29:26 IST" name="firefoxTest" finished-at="2022-10-11T15:30:44 IST" duration-ms="78282" status="PASS">
          <reporter-output>
          </reporter-output>
        </test-method> <!-- firefoxTest -->
        <test-method is-config="true" signature="afterTest()[pri:0, instance:searchProduct.SearchOnFlipkart@f736069]" started-at="2022-10-11T15:30:44 IST" name="afterTest" finished-at="2022-10-11T15:30:44 IST" duration-ms="1" status="PASS">
          <reporter-output>
          </reporter-output>
        </test-method> <!-- afterTest -->
      </class> <!-- searchProduct.SearchOnFlipkart -->
    </test> <!-- Default test -->
  </suite> <!-- Default suite -->
</testng-results>
